<?xml version="1.0" encoding="UTF-8"?>
<!-- Generated by org.testng.reporters.JUnitXMLReporter -->
<testsuite ignored="0" hostname="DESKTOP-HOQ4F9L" failures="1" tests="1" name="runner.Runner" time="8.091" errors="0" timestamp="2022-08-18T13:01:54 IST">
  <testcase classname="tests.FourTest" name="fourTest" time="7.511">
    <failure type="java.lang.AssertionError" message="expected [true] but found [false]">
      <![CDATA[java.lang.AssertionError: expected [true] but found [false]
at tests.FourTest.fourTest(FourTest.java:28)
at java.base/java.util.ArrayList.forEach(ArrayList.java:1511)
... Removed 31 stack frames]]>
    </failure>
  </testcase> <!-- fourTest -->
</testsuite> <!-- runner.Runner -->
